TN:
SF:controllers\user.js
FN:3,(anonymous_0)
FNF:1
FNH:1
FNDA:3,(anonymous_0)
DA:1,1
DA:3,1
DA:4,3
DA:6,3
DA:7,2
DA:10,1
DA:11,1
DA:14,1
DA:18,1
DA:19,1
LF:10
LH:10
BRDA:7,0,0,1
BRDA:7,0,1,1
BRF:2
BRH:2
end_of_record
TN:
SF:models\user.js
FN:6,(anonymous_0)
FN:57,(anonymous_1)
FNF:2
FNH:2
FNDA:1,(anonymous_0)
FNDA:1,(anonymous_1)
DA:1,2
DA:4,2
DA:7,1
DA:59,1
DA:61,1
DA:66,1
LF:6
LH:6
BRF:0
BRH:0
end_of_record
TN:
SF:routes\middlewares.js
FN:2,(anonymous_0)
FN:13,(anonymous_1)
FNF:2
FNH:2
FNDA:2,(anonymous_0)
FNDA:2,(anonymous_1)
DA:2,1
DA:4,2
DA:5,1
DA:8,1
DA:13,1
DA:14,2
DA:15,1
DA:18,1
DA:19,1
LF:9
LH:9
BRDA:4,0,0,1
BRDA:4,0,1,1
BRDA:14,1,0,1
BRDA:14,1,1,1
BRF:4
BRH:4
end_of_record
